<?xml version="1.0" encoding="UTF-8"?>
<!-- Generated by org.testng.reporters.JUnitReportReporter -->
<testsuite hostname="LAPTOP-572H3NNJ" failures="0" tests="3" name="testNG.EnabledUse" time="0.007" errors="0" timestamp="2022-06-22T22:37:29 IST" skipped="1">
  <testcase classname="testNG.EnabledUse" name="y" time="0.001"/>
  <system-out>
    <![CDATA[y is running]]>
  </system-out>
  <testcase classname="testNG.EnabledUse" name="x" time="0.006"/>
  <system-out>
    <![CDATA[x is running]]>
  </system-out>
  <testcase classname="testNG.EnabledUse" name="z">
    <skipped/>
  </testcase> <!-- z -->
  <system-out/>
</testsuite> <!-- testNG.EnabledUse -->
