<?xml version="1.0" encoding="UTF-8"?>
<!-- Generated by org.testng.reporters.JUnitReportReporter -->
<testsuite hostname="LAPTOP-572H3NNJ" failures="0" tests="1" name="crossBrowserTestng1.FirefoxTest" time="12.083" errors="0" timestamp="2022-06-29T23:12:51 IST" skipped="0">
  <testcase classname="crossBrowserTestng1.FirefoxTest" name="ff" time="12.083"/>
  <system-out/>
</testsuite> <!-- crossBrowserTestng1.FirefoxTest -->
