<?xml version="1.0" encoding="UTF-8"?>
<!-- Generated by org.testng.reporters.JUnitReportReporter -->
<testsuite hostname="LAPTOP-572H3NNJ" failures="0" tests="3" name="testNG.TimeOutUse" time="1.034" errors="0" timestamp="2022-06-23T22:48:24 IST" skipped="0">
  <testcase classname="testNG.TimeOutUse" name="m" time="0.005"/>
  <system-out>
    <![CDATA[m method is running]]>
  </system-out>
  <testcase classname="testNG.TimeOutUse" name="h" time="1.027"/>
  <system-out>
    <![CDATA[h method is running]]>
  </system-out>
  <testcase classname="testNG.TimeOutUse" name="p" time="0.002"/>
  <system-out>
    <![CDATA[p method is running]]>
  </system-out>
</testsuite> <!-- testNG.TimeOutUse -->
