<?xml version="1.0" encoding="UTF-8"?>
<!-- Generated by org.testng.reporters.JUnitReportReporter -->
<testsuite hostname="LAPTOP-572H3NNJ" failures="0" tests="1" name="testNG.MyTestClass" time="8.856" errors="0" timestamp="2022-06-25T17:27:01 IST" skipped="0">
  <testcase classname="testNG.MyTestClass" name="myMethod" time="8.856"/>
  <system-out/>
</testsuite> <!-- testNG.MyTestClass -->
