<?xml version="1.0" encoding="UTF-8"?>
<!-- Generated by org.testng.reporters.JUnitReportReporter -->
<testsuite hostname="LAPTOP-572H3NNJ" failures="0" tests="3" name="testNG.TestClass3" time="0.008" errors="0" timestamp="2022-06-23T23:08:49 IST" skipped="0">
  <testcase classname="testNG.TestClass3" name="z" time="0.001"/>
  <system-out>
    <![CDATA[z method is running]]>
  </system-out>
  <testcase classname="testNG.TestClass3" name="y" time="0.001"/>
  <system-out>
    <![CDATA[y method is running]]>
  </system-out>
  <testcase classname="testNG.TestClass3" name="x" time="0.006"/>
  <system-out>
    <![CDATA[x method is running]]>
  </system-out>
</testsuite> <!-- testNG.TestClass3 -->
