<?xml version="1.0" encoding="UTF-8"?>
<!-- Generated by org.testng.reporters.JUnitReportReporter -->
<testsuite hostname="LAPTOP-572H3NNJ" failures="0" tests="4" name="testNG.InvocationCountStudy" time="0.015" errors="0" timestamp="2022-06-22T22:27:43 IST" skipped="0">
  <testcase classname="testNG.InvocationCountStudy" name="d" time="0.003"/>
  <system-out>
    <![CDATA[d method is running]]>
  </system-out>
  <testcase classname="testNG.InvocationCountStudy" name="d" time="0.003"/>
  <system-out>
    <![CDATA[d method is running]]>
  </system-out>
  <testcase classname="testNG.InvocationCountStudy" name="d" time="0.003"/>
  <system-out>
    <![CDATA[d method is running]]>
  </system-out>
  <testcase classname="testNG.InvocationCountStudy" name="d" time="0.006"/>
  <system-out>
    <![CDATA[d method is running]]>
  </system-out>
</testsuite> <!-- testNG.InvocationCountStudy -->
