<?xml version="1.0" encoding="UTF-8"?>
<!-- Generated by org.testng.reporters.JUnitReportReporter -->
<testsuite hostname="LAPTOP-572H3NNJ" failures="0" tests="3" name="testNG.Testclass4" time="0.012" errors="0" timestamp="2022-06-23T23:12:48 IST" skipped="0">
  <testcase classname="testNG.Testclass4" name="o" time="0.003"/>
  <system-out>
    <![CDATA[o method is running]]>
  </system-out>
  <testcase classname="testNG.Testclass4" name="n" time="0.003"/>
  <system-out>
    <![CDATA[n method is running]]>
  </system-out>
  <testcase classname="testNG.Testclass4" name="m" time="0.006"/>
  <system-out>
    <![CDATA[m method is running]]>
  </system-out>
</testsuite> <!-- testNG.Testclass4 -->
