<?xml version="1.0" encoding="UTF-8"?>
<!-- Generated by org.testng.reporters.JUnitReportReporter -->
<testsuite hostname="LAPTOP-572H3NNJ" failures="0" tests="1" name="kiteTest.ValidateKiteUserID" time="4.023" errors="0" timestamp="2022-07-07T18:31:13 IST" skipped="0">
  <testcase classname="kiteTest.ValidateKiteUserID" name="ValidateUserID" time="4.023"/>
  <system-out/>
</testsuite> <!-- kiteTest.ValidateKiteUserID -->
