<?xml version="1.0" encoding="UTF-8"?>
<!-- Generated by org.testng.reporters.JUnitReportReporter -->
<testsuite hostname="LAPTOP-572H3NNJ" failures="0" tests="1" name="testNG.MyClasss" time="9.484" errors="0" timestamp="2022-06-24T21:57:33 IST" skipped="0">
  <testcase classname="testNG.MyClasss" name="myMethod" time="9.484"/>
  <system-out>
    <![CDATA[MyMethodis running]]>
  </system-out>
</testsuite> <!-- testNG.MyClasss -->
