<?xml version="1.0" encoding="UTF-8"?>
<!-- Generated by org.testng.reporters.JUnitReportReporter -->
<testsuite hostname="LAPTOP-572H3NNJ" failures="0" tests="1" name="chromeBrowserTestNG.FirefoxTest" time="13.013" errors="0" timestamp="2022-06-29T22:11:00 IST" skipped="0">
  <testcase classname="chromeBrowserTestNG.FirefoxTest" name="ff" time="13.013"/>
  <system-out/>
</testsuite> <!-- chromeBrowserTestNG.FirefoxTest -->
