<?xml version="1.0" encoding="UTF-8"?>
<!-- Generated by org.testng.reporters.JUnitReportReporter -->
<testsuite hostname="LAPTOP-572H3NNJ" failures="0" tests="3" name="testNG.PriorityUse" time="0.009" errors="0" timestamp="2022-06-22T22:32:14 IST" skipped="0">
  <testcase classname="testNG.PriorityUse" name="m" time="0.008"/>
  <system-out>
    <![CDATA[m method is running]]>
  </system-out>
  <testcase classname="testNG.PriorityUse" name="h" time="0.000"/>
  <system-out>
    <![CDATA[h method is running]]>
  </system-out>
  <testcase classname="testNG.PriorityUse" name="p" time="0.001"/>
  <system-out>
    <![CDATA[p method is running]]>
  </system-out>
</testsuite> <!-- testNG.PriorityUse -->
