<?xml version="1.0" encoding="UTF-8"?>
<!-- Generated by org.testng.reporters.JUnitReportReporter -->
<testsuite hostname="LAPTOP-572H3NNJ" failures="0" tests="1" name="testNG.Simple2" time="0.007" errors="0" timestamp="2022-06-22T22:05:00 IST" skipped="0">
  <testcase classname="testNG.Simple2" name="Display1" time="0.007"/>
  <system-out>
    <![CDATA[good night
test case is pass]]>
  </system-out>
</testsuite> <!-- testNG.Simple2 -->
