<?xml version="1.0" encoding="UTF-8"?>
<!-- Generated by org.testng.reporters.JUnitReportReporter -->
<testsuite hostname="LAPTOP-572H3NNJ" failures="0" tests="3" name="testNG.DependsOnMethodUse" time="0.007" errors="0" timestamp="2022-06-23T22:44:39 IST" skipped="0">
  <testcase classname="testNG.DependsOnMethodUse" name="d" time="0.005"/>
  <system-out>
    <![CDATA[d method is running]]>
  </system-out>
  <testcase classname="testNG.DependsOnMethodUse" name="z" time="0.001"/>
  <system-out>
    <![CDATA[z method is running]]>
  </system-out>
  <testcase classname="testNG.DependsOnMethodUse" name="a" time="0.001"/>
  <system-out>
    <![CDATA[p method is running]]>
  </system-out>
</testsuite> <!-- testNG.DependsOnMethodUse -->
