<?xml version="1.0" encoding="UTF-8"?>
<!-- Generated by org.testng.reporters.JUnitReportReporter -->
<testsuite hostname="LAPTOP-572H3NNJ" failures="0" tests="1" name="verificationInTestNG.AssertTrueUse" time="0.010" errors="0" timestamp="2022-06-28T12:59:59 IST" skipped="0">
  <testcase classname="verificationInTestNG.AssertTrueUse" name="myMethod" time="0.010"/>
  <system-out>
    <![CDATA[TC is passed value is true]]>
  </system-out>
</testsuite> <!-- verificationInTestNG.AssertTrueUse -->
