<?xml version="1.0" encoding="UTF-8"?>
<!-- Generated by org.testng.reporters.JUnitReportReporter -->
<testsuite hostname="LAPTOP-572H3NNJ" failures="0" tests="1" name="crossBrowserTestng1.CT" time="11.654" errors="0" timestamp="2022-07-01T16:18:59 IST" skipped="0">
  <testcase classname="crossBrowserTestng1.CT" name="CTTest" time="11.654"/>
  <system-out/>
</testsuite> <!-- crossBrowserTestng1.CT -->
