<?xml version="1.0" encoding="UTF-8"?>
<!-- Generated by org.testng.reporters.JUnitReportReporter -->
<testsuite hostname="LAPTOP-572H3NNJ" failures="0" tests="1" name="testNG.testClass2" time="0.011" errors="0" timestamp="2022-06-28T12:08:09 IST" skipped="0">
  <testcase classname="testNG.testClass2" name="y" time="0.011"/>
  <system-out>
    <![CDATA[y method is running]]>
  </system-out>
</testsuite> <!-- testNG.testClass2 -->
