<?xml version="1.0" encoding="UTF-8"?>
<!-- Generated by org.testng.reporters.JUnitReportReporter -->
<testsuite hostname="LAPTOP-572H3NNJ" failures="0" tests="2" name="testNG.Annotation_study" time="0.008" errors="0" timestamp="2022-06-22T22:20:30 IST" skipped="0">
  <testcase classname="testNG.Annotation_study" name="validateDashboard" time="0.005"/>
  <system-out>
    <![CDATA[Dashboard Validated]]>
  </system-out>
  <testcase classname="testNG.Annotation_study" name="validateUserName" time="0.003"/>
  <system-out>
    <![CDATA[UserName Validated]]>
  </system-out>
</testsuite> <!-- testNG.Annotation_study -->
