<?xml version="1.0" encoding="UTF-8"?>
<!-- Generated by org.testng.reporters.JUnitReportReporter -->
<testsuite hostname="LAPTOP-572H3NNJ" failures="0" tests="2" name="testNG.testClass1" time="0.002" errors="0" timestamp="2022-06-28T12:08:09 IST" skipped="0">
  <testcase classname="testNG.testClass1" name="n" time="0.000"/>
  <system-out>
    <![CDATA[n method is running]]>
  </system-out>
  <testcase classname="testNG.testClass1" name="m" time="0.002"/>
  <system-out>
    <![CDATA[m method is running]]>
  </system-out>
</testsuite> <!-- testNG.testClass1 -->
