<?xml version="1.0" encoding="UTF-8"?>
<!-- Generated by org.testng.reporters.JUnitReportReporter -->
<testsuite hostname="LAPTOP-572H3NNJ" failures="0" tests="1" name="verificationInTestNG.AssertEqualsUse" time="0.008" errors="0" timestamp="2022-06-24T22:54:52 IST" skipped="0">
  <testcase classname="verificationInTestNG.AssertEqualsUse" name="myMethod" time="0.008"/>
  <system-out/>
</testsuite> <!-- verificationInTestNG.AssertEqualsUse -->
